<?xml version="1.0" encoding="UTF-8"?>
<!-- Generated by org.testng.reporters.JUnitReportReporter -->
<testsuite hostname="AKA" failures="0" tests="1" name="basics.Cookies" time="2.534" errors="0" timestamp="2023-05-31T14:31:39 CDT" skipped="0">
  <testcase classname="basics.Cookies" name="getCookieInfo" time="2.534"/>
  <system-out/>
</testsuite> <!-- basics.Cookies -->
