<?xml version="1.0" encoding="UTF-8"?>
<!-- Generated by org.testng.reporters.JUnitReportReporter -->
<testsuite hostname="AKA" failures="0" tests="1" name="basics.Headers" time="2.314" errors="0" timestamp="2023-05-31T15:21:26 CDT" skipped="0">
  <testcase classname="basics.Headers" name="testHeaders" time="2.314"/>
  <system-out/>
</testsuite> <!-- basics.Headers -->
