<?xml version="1.0" encoding="UTF-8"?>
<!-- Generated by org.testng.reporters.JUnitReportReporter -->
<testsuite hostname="AKA" failures="0" tests="1" name="basics.LogMethod" time="2.109" errors="0" timestamp="2023-05-31T15:28:55 CDT" skipped="0">
  <testcase classname="basics.LogMethod" name="TestLogMethod" time="2.109"/>
  <system-out/>
</testsuite> <!-- basics.LogMethod -->
