<?xml version="1.0" encoding="UTF-8"?>
<!-- Generated by org.testng.reporters.JUnitReportReporter -->
<testsuite hostname="AKA" failures="0" tests="2" name="waysToCreatePostRequest.UsingHashMap" time="2.474" errors="0" timestamp="2023-05-30T08:32:34 CDT" skipped="0">
  <testcase classname="waysToCreatePostRequest.UsingHashMap" name="postReqUsingMap" time="2.412"/>
  <system-out/>
  <testcase classname="waysToCreatePostRequest.UsingHashMap" name="delStu" time="0.062"/>
  <system-out/>
</testsuite> <!-- waysToCreatePostRequest.UsingHashMap -->
