<?xml version="1.0" encoding="UTF-8"?>
<!-- Generated by org.testng.reporters.JUnitReportReporter -->
<testsuite hostname="AKA" failures="0" tests="1" name="waysToCreatePostRequest.TestUsingPOJO" time="1.992" errors="0" timestamp="2023-05-30T14:27:46 CDT" skipped="0">
  <testcase classname="waysToCreatePostRequest.TestUsingPOJO" name="testPojo" time="1.992"/>
  <system-out/>
</testsuite> <!-- waysToCreatePostRequest.TestUsingPOJO -->
