<?xml version="1.0" encoding="UTF-8"?>
<!-- Generated by org.testng.reporters.JUnitReportReporter -->
<testsuite hostname="AKA" failures="0" tests="4" name="basics.HttpRequests" time="3.747" errors="0" timestamp="2023-05-25T10:00:32 CDT" skipped="0">
  <testcase classname="basics.HttpRequests" name="gerUsers" time="2.338"/>
  <system-out/>
  <testcase classname="basics.HttpRequests" name="createUsr" time="0.696"/>
  <system-out/>
  <testcase classname="basics.HttpRequests" name="updateUser" time="0.357"/>
  <system-out/>
  <testcase classname="basics.HttpRequests" name="deleteUser" time="0.356"/>
  <system-out/>
</testsuite> <!-- basics.HttpRequests -->
