<?xml version="1.0" encoding="UTF-8"?>
<!-- Generated by org.testng.reporters.JUnitReportReporter -->
<testsuite hostname="AKA" failures="0" tests="1" name="waysToCreatePostRequest.OrgJsonLibrary" time="2.227" errors="0" timestamp="2023-05-30T12:16:44 CDT" skipped="0">
  <testcase classname="waysToCreatePostRequest.OrgJsonLibrary" name="postUser" time="2.227"/>
  <system-out/>
</testsuite> <!-- waysToCreatePostRequest.OrgJsonLibrary -->
