<?xml version="1.0" encoding="UTF-8"?>
<!-- Generated by org.testng.reporters.JUnitReportReporter -->
<testsuite hostname="AKA" failures="0" tests="1" name="waysToCreatePostRequest.UsingExternalJsonFile" time="2.284" errors="0" timestamp="2023-05-30T14:43:45 CDT" skipped="0">
  <testcase classname="waysToCreatePostRequest.UsingExternalJsonFile" name="exFile" time="2.284"/>
  <system-out/>
</testsuite> <!-- waysToCreatePostRequest.UsingExternalJsonFile -->
