<?xml version="1.0" encoding="UTF-8"?>
<!-- Generated by org.testng.reporters.JUnitReportReporter -->
<testsuite hostname="AKA" failures="0" tests="1" name="basics.QueryAndPathParameters" time="1.720" errors="0" timestamp="2023-05-31T13:42:45 CDT" skipped="0">
  <testcase classname="basics.QueryAndPathParameters" name="testQueryandPath" time="1.720"/>
  <system-out/>
</testsuite> <!-- basics.QueryAndPathParameters -->
